C:\Program Files (x86)\Microsoft Visual Studio\2017\Community\Common7\IDE\VC\VCTargets\Microsoft.CppBuild.targets(373,5): warning MSB8004: Output Directory does not end with a trailing slash.  This build instance will add the slash as it is required to allow proper evaluation of the Output Directory.
  ModuleSceneIntro.cpp
c:\users\alexcr1\documents\github\pokepinball\modulesceneintro.cpp(53): warning C4305: '=': truncation from 'double' to 'float32'
c:\users\alexcr1\documents\github\pokepinball\modulesceneintro.cpp(256): warning C4244: 'argument': conversion from 'int' to 'float', possible loss of data
c:\users\alexcr1\documents\github\pokepinball\modulesceneintro.cpp(258): warning C4244: 'argument': conversion from 'int' to 'float', possible loss of data
c:\users\alexcr1\documents\github\pokepinball\modulesceneintro.cpp(260): warning C4244: 'argument': conversion from 'float' to 'int', possible loss of data
c:\users\alexcr1\documents\github\pokepinball\modulesceneintro.cpp(263): warning C4244: 'argument': conversion from 'float' to 'int', possible loss of data
c:\users\alexcr1\documents\github\pokepinball\modulesceneintro.cpp(271): warning C4101: 'y': unreferenced local variable
c:\users\alexcr1\documents\github\pokepinball\modulesceneintro.cpp(271): warning C4101: 'x': unreferenced local variable
c:\users\alexcr1\documents\github\pokepinball\modulesceneintro.cpp(502): warning C4244: 'argument': conversion from 'float' to 'int', possible loss of data
c:\users\alexcr1\documents\github\pokepinball\modulesceneintro.cpp(503): warning C4244: 'argument': conversion from 'float' to 'int', possible loss of data
c:\users\alexcr1\documents\github\pokepinball\modulesceneintro.cpp(504): warning C4244: 'argument': conversion from 'float' to 'int', possible loss of data
c:\program files (x86)\microsoft visual studio\2017\community\vc\tools\msvc\14.11.25503\include\limits(211): warning C4577: 'noexcept' used with no exception handling mode specified; termination on exception is not guaranteed. Specify /EHsc
  Generating Code...
  Compiling...
  Application.cpp
c:\program files (x86)\microsoft visual studio\2017\community\vc\tools\msvc\14.11.25503\include\limits(211): warning C4577: 'noexcept' used with no exception handling mode specified; termination on exception is not guaranteed. Specify /EHsc
  Generating Code...
  SDL Game.vcxproj -> C:\Users\alexcr1\Documents\GitHub\PokePinball\.\Game\2D Physics - class 4.exe
  SDL Game.vcxproj -> .\Game\2D Physics - class 4.pdb (Partial PDB)
