  ModuleWindow.cpp
  ModuleTextures.cpp
  ModuleSceneIntro.cpp
c:\users\alex\documents\github\pokepinball\pokemon_pinball\modulesceneintro.cpp(158): warning C4244: 'argumento': conversión de 'int' a 'float'; posible pérdida de datos
c:\users\alex\documents\github\pokepinball\pokemon_pinball\modulesceneintro.cpp(160): warning C4244: 'argumento': conversión de 'int' a 'float'; posible pérdida de datos
c:\users\alex\documents\github\pokepinball\pokemon_pinball\modulesceneintro.cpp(162): warning C4244: 'argumento': conversión de 'float' a 'int'; posible pérdida de datos
c:\users\alex\documents\github\pokepinball\pokemon_pinball\modulesceneintro.cpp(165): warning C4244: 'argumento': conversión de 'float' a 'int'; posible pérdida de datos
c:\users\alex\documents\github\pokepinball\pokemon_pinball\modulesceneintro.cpp(173): warning C4101: 'y': variable local sin referencia
c:\users\alex\documents\github\pokepinball\pokemon_pinball\modulesceneintro.cpp(173): warning C4101: 'x': variable local sin referencia
c:\program files (x86)\microsoft visual studio\2017\community\vc\tools\msvc\14.11.25503\include\limits(211): warning C4577: si se usa 'noexcept' sin ningún modo de control de excepciones especificado, la finalización de la excepción no está garantizada. Especifique /EHsc
  ModuleRender.cpp
  ModulePlayer.cpp
  ModulePhysics.cpp
c:\users\alex\documents\github\pokepinball\pokemon_pinball\modulephysics.cpp(173): warning C4244: '=': conversión de 'float' a 'int'; posible pérdida de datos
c:\users\alex\documents\github\pokepinball\pokemon_pinball\modulephysics.cpp(174): warning C4244: '=': conversión de 'float' a 'int'; posible pérdida de datos
c:\users\alex\documents\github\pokepinball\pokemon_pinball\modulephysics.cpp(217): warning C4018: '<': no coinciden signed/unsigned
c:\users\alex\documents\github\pokepinball\pokemon_pinball\modulephysics.cpp(251): warning C4244: 'argumento': conversión de 'int' a 'float32'; posible pérdida de datos
c:\users\alex\documents\github\pokepinball\pokemon_pinball\modulephysics.cpp(396): warning C4244: 'inicializando': conversión de 'int' a 'float'; posible pérdida de datos
c:\users\alex\documents\github\pokepinball\pokemon_pinball\modulephysics.cpp(397): warning C4244: 'inicializando': conversión de 'int' a 'float'; posible pérdida de datos
c:\users\alex\documents\github\pokepinball\pokemon_pinball\modulephysics.cpp(403): warning C4244: 'return': conversión de 'float32' a 'int'; posible pérdida de datos
c:\program files (x86)\microsoft visual studio\2017\community\vc\tools\msvc\14.11.25503\include\cmath(113): warning C4577: si se usa 'noexcept' sin ningún modo de control de excepciones especificado, la finalización de la excepción no está garantizada. Especifique /EHsc
  ModuleInput.cpp
  ModuleAudio.cpp
  Main.cpp
  log.cpp
  Application.cpp
c:\program files (x86)\microsoft visual studio\2017\community\vc\tools\msvc\14.11.25503\include\limits(211): warning C4577: si se usa 'noexcept' sin ningún modo de control de excepciones especificado, la finalización de la excepción no está garantizada. Especifique /EHsc
  Generando código...
  SDL Game.vcxproj -> C:\Users\Alex\Documents\GitHub\PokePinball\pokemon_pinball\Debug\2D Physics - class 4.exe
  SDL Game.vcxproj -> C:\Users\Alex\Documents\GitHub\PokePinball\pokemon_pinball\Debug\2D Physics - class 4.pdb (Partial PDB)
